<?xml version="1.0" encoding="UTF-8"?>
<!-- Generated by org.testng.reporters.JUnitReportReporter -->
<testsuite skipped="0" hostname="DESKTOP-2TT4P78" name="Com.dws.test.Logintest" tests="6" failures="0" timestamp="2022-01-03T20:56:46 IST" time="26.652" errors="0">
  <testcase name="login" time="18.189" classname="Com.dws.test.Logintest"/>
  <system-out/>
  <testcase name="addtestt" time="6.499" classname="Com.dws.test.Logintest"/>
  <system-out/>
  <testcase name="confirmoder" time="0.430" classname="Com.dws.test.Logintest"/>
  <system-out/>
  <testcase name="cod" time="0.537" classname="Com.dws.test.Logintest"/>
  <system-out/>
  <testcase name="paymentinfp" time="0.623" classname="Com.dws.test.Logintest"/>
  <system-out/>
  <testcase name="confirmoder1" time="0.374" classname="Com.dws.test.Logintest"/>
  <system-out/>
</testsuite> <!-- Com.dws.test.Logintest -->
