<?xml version="1.0" encoding="UTF-8"?>
<!-- Generated by org.testng.reporters.JUnitReportReporter -->
<testsuite skipped="0" hostname="DESKTOP-2TT4P78" name="Com.dws.test.Registertest" tests="1" failures="0" timestamp="2022-01-02T14:18:46 IST" time="5.207" errors="0">
  <testcase name="Registerr" time="5.207" classname="Com.dws.test.Registertest"/>
  <system-out/>
</testsuite> <!-- Com.dws.test.Registertest -->
